{"/Users/meet/Desktop/MTECH/2ndSem/SPE/College_Event_MGMT/server/app.js": {"path":"/Users/meet/Desktop/MTECH/2ndSem/SPE/College_Event_MGMT/server/app.js","statementMap":{"0":{"start":{"line":1,"column":15},"end":{"line":1,"column":34}},"1":{"start":{"line":2,"column":0},"end":{"line":2,"column":27}},"2":{"start":{"line":3,"column":16},"end":{"line":3,"column":34}},"3":{"start":{"line":4,"column":29},"end":{"line":4,"column":36}},"4":{"start":{"line":5,"column":13},"end":{"line":5,"column":28}},"5":{"start":{"line":6,"column":17},"end":{"line":6,"column":36}},"6":{"start":{"line":7,"column":13},"end":{"line":7,"column":43}},"7":{"start":{"line":8,"column":15},"end":{"line":8,"column":48}},"8":{"start":{"line":9,"column":15},"end":{"line":9,"column":49}},"9":{"start":{"line":10,"column":12},"end":{"line":10,"column":35}},"10":{"start":{"line":11,"column":15},"end":{"line":11,"column":34}},"11":{"start":{"line":12,"column":22},"end":{"line":12,"column":55}},"12":{"start":{"line":13,"column":25},"end":{"line":13,"column":55}},"13":{"start":{"line":14,"column":18},"end":{"line":14,"column":46}},"14":{"start":{"line":16,"column":12},"end":{"line":16,"column":21}},"15":{"start":{"line":19,"column":2},"end":{"line":19,"column":90}},"16":{"start":{"line":21,"column":0},"end":{"line":29,"column":4}},"17":{"start":{"line":26,"column":14},"end":{"line":26,"column":75}},"18":{"start":{"line":28,"column":4},"end":{"line":28,"column":78}},"19":{"start":{"line":32,"column":0},"end":{"line":32,"column":24}},"20":{"start":{"line":33,"column":0},"end":{"line":33,"column":41}},"21":{"start":{"line":34,"column":0},"end":{"line":34,"column":51}},"22":{"start":{"line":36,"column":11},"end":{"line":36,"column":21}},"23":{"start":{"line":39,"column":0},"end":{"line":43,"column":3}},"24":{"start":{"line":40,"column":2},"end":{"line":40,"column":66}},"25":{"start":{"line":41,"column":2},"end":{"line":41,"column":47}},"26":{"start":{"line":42,"column":2},"end":{"line":42,"column":71}},"27":{"start":{"line":46,"column":0},"end":{"line":65,"column":3}},"28":{"start":{"line":47,"column":2},"end":{"line":47,"column":74}},"29":{"start":{"line":49,"column":2},"end":{"line":64,"column":3}},"30":{"start":{"line":50,"column":24},"end":{"line":50,"column":64}},"31":{"start":{"line":51,"column":4},"end":{"line":58,"column":7}},"32":{"start":{"line":59,"column":4},"end":{"line":59,"column":80}},"33":{"start":{"line":60,"column":4},"end":{"line":60,"column":31}},"34":{"start":{"line":62,"column":4},"end":{"line":62,"column":76}},"35":{"start":{"line":63,"column":4},"end":{"line":63,"column":60}},"36":{"start":{"line":68,"column":0},"end":{"line":103,"column":3}},"37":{"start":{"line":69,"column":2},"end":{"line":69,"column":71}},"38":{"start":{"line":71,"column":2},"end":{"line":102,"column":3}},"39":{"start":{"line":72,"column":17},"end":{"line":74,"column":6}},"40":{"start":{"line":76,"column":4},"end":{"line":78,"column":5}},"41":{"start":{"line":77,"column":6},"end":{"line":77,"column":52}},"42":{"start":{"line":79,"column":28},"end":{"line":82,"column":5}},"43":{"start":{"line":84,"column":4},"end":{"line":99,"column":5}},"44":{"start":{"line":85,"column":20},"end":{"line":93,"column":7}},"45":{"start":{"line":94,"column":6},"end":{"line":94,"column":79}},"46":{"start":{"line":95,"column":6},"end":{"line":95,"column":53}},"47":{"start":{"line":97,"column":6},"end":{"line":97,"column":79}},"48":{"start":{"line":98,"column":6},"end":{"line":98,"column":76}},"49":{"start":{"line":101,"column":4},"end":{"line":101,"column":73}},"50":{"start":{"line":106,"column":0},"end":{"line":131,"column":3}},"51":{"start":{"line":107,"column":2},"end":{"line":107,"column":78}},"52":{"start":{"line":109,"column":2},"end":{"line":130,"column":3}},"53":{"start":{"line":110,"column":4},"end":{"line":110,"column":26}},"54":{"start":{"line":111,"column":4},"end":{"line":120,"column":7}},"55":{"start":{"line":121,"column":4},"end":{"line":123,"column":6}},"56":{"start":{"line":124,"column":4},"end":{"line":124,"column":31}},"57":{"start":{"line":126,"column":4},"end":{"line":128,"column":6}},"58":{"start":{"line":129,"column":4},"end":{"line":129,"column":34}},"59":{"start":{"line":134,"column":0},"end":{"line":145,"column":3}},"60":{"start":{"line":135,"column":2},"end":{"line":135,"column":78}},"61":{"start":{"line":138,"column":2},"end":{"line":144,"column":5}},"62":{"start":{"line":139,"column":4},"end":{"line":139,"column":16}},"63":{"start":{"line":140,"column":4},"end":{"line":142,"column":6}},"64":{"start":{"line":143,"column":4},"end":{"line":143,"column":19}},"65":{"start":{"line":148,"column":0},"end":{"line":161,"column":3}},"66":{"start":{"line":149,"column":2},"end":{"line":151,"column":4}},"67":{"start":{"line":154,"column":2},"end":{"line":160,"column":5}},"68":{"start":{"line":155,"column":4},"end":{"line":155,"column":16}},"69":{"start":{"line":156,"column":4},"end":{"line":158,"column":6}},"70":{"start":{"line":159,"column":4},"end":{"line":159,"column":19}},"71":{"start":{"line":164,"column":0},"end":{"line":202,"column":3}},"72":{"start":{"line":165,"column":2},"end":{"line":165,"column":78}},"73":{"start":{"line":167,"column":11},"end":{"line":167,"column":24}},"74":{"start":{"line":170,"column":2},"end":{"line":170,"column":52}},"75":{"start":{"line":172,"column":11},"end":{"line":175,"column":3}},"76":{"start":{"line":177,"column":2},"end":{"line":192,"column":3}},"77":{"start":{"line":178,"column":20},"end":{"line":178,"column":45}},"78":{"start":{"line":179,"column":4},"end":{"line":179,"column":48}},"79":{"start":{"line":180,"column":4},"end":{"line":180,"column":27}},"80":{"start":{"line":181,"column":4},"end":{"line":181,"column":21}},"81":{"start":{"line":183,"column":4},"end":{"line":183,"column":35}},"82":{"start":{"line":184,"column":4},"end":{"line":186,"column":6}},"83":{"start":{"line":188,"column":4},"end":{"line":190,"column":6}},"84":{"start":{"line":191,"column":4},"end":{"line":191,"column":27}},"85":{"start":{"line":194,"column":2},"end":{"line":199,"column":3}},"86":{"start":{"line":195,"column":4},"end":{"line":195,"column":40}},"87":{"start":{"line":197,"column":4},"end":{"line":197,"column":27}},"88":{"start":{"line":198,"column":4},"end":{"line":198,"column":21}},"89":{"start":{"line":201,"column":2},"end":{"line":201,"column":25}},"90":{"start":{"line":205,"column":0},"end":{"line":219,"column":3}},"91":{"start":{"line":206,"column":2},"end":{"line":206,"column":77}},"92":{"start":{"line":208,"column":11},"end":{"line":208,"column":24}},"93":{"start":{"line":209,"column":2},"end":{"line":213,"column":3}},"94":{"start":{"line":210,"column":4},"end":{"line":210,"column":40}},"95":{"start":{"line":212,"column":4},"end":{"line":212,"column":27}},"96":{"start":{"line":215,"column":2},"end":{"line":217,"column":4}},"97":{"start":{"line":218,"column":2},"end":{"line":218,"column":34}},"98":{"start":{"line":222,"column":0},"end":{"line":234,"column":3}},"99":{"start":{"line":223,"column":2},"end":{"line":225,"column":4}},"100":{"start":{"line":227,"column":13},"end":{"line":227,"column":28}},"101":{"start":{"line":228,"column":2},"end":{"line":233,"column":5}},"102":{"start":{"line":229,"column":4},"end":{"line":231,"column":6}},"103":{"start":{"line":232,"column":4},"end":{"line":232,"column":19}},"104":{"start":{"line":237,"column":0},"end":{"line":246,"column":3}},"105":{"start":{"line":238,"column":2},"end":{"line":238,"column":75}},"106":{"start":{"line":240,"column":2},"end":{"line":245,"column":5}},"107":{"start":{"line":241,"column":4},"end":{"line":243,"column":6}},"108":{"start":{"line":244,"column":4},"end":{"line":244,"column":19}},"109":{"start":{"line":249,"column":0},"end":{"line":259,"column":3}},"110":{"start":{"line":250,"column":2},"end":{"line":250,"column":77}},"111":{"start":{"line":252,"column":2},"end":{"line":258,"column":5}},"112":{"start":{"line":253,"column":4},"end":{"line":253,"column":16}},"113":{"start":{"line":254,"column":4},"end":{"line":256,"column":6}},"114":{"start":{"line":257,"column":4},"end":{"line":257,"column":19}},"115":{"start":{"line":262,"column":0},"end":{"line":280,"column":3}},"116":{"start":{"line":263,"column":2},"end":{"line":265,"column":4}},"117":{"start":{"line":267,"column":23},"end":{"line":267,"column":70}},"118":{"start":{"line":268,"column":2},"end":{"line":276,"column":4}},"119":{"start":{"line":274,"column":6},"end":{"line":274,"column":21}},"120":{"start":{"line":277,"column":2},"end":{"line":279,"column":4}},"121":{"start":{"line":283,"column":0},"end":{"line":312,"column":3}},"122":{"start":{"line":284,"column":2},"end":{"line":284,"column":77}},"123":{"start":{"line":286,"column":2},"end":{"line":311,"column":3}},"124":{"start":{"line":287,"column":4},"end":{"line":294,"column":6}},"125":{"start":{"line":292,"column":8},"end":{"line":292,"column":28}},"126":{"start":{"line":295,"column":4},"end":{"line":303,"column":6}},"127":{"start":{"line":300,"column":8},"end":{"line":300,"column":40}},"128":{"start":{"line":301,"column":8},"end":{"line":301,"column":28}},"129":{"start":{"line":304,"column":4},"end":{"line":306,"column":6}},"130":{"start":{"line":307,"column":4},"end":{"line":307,"column":31}},"131":{"start":{"line":309,"column":4},"end":{"line":309,"column":78}},"132":{"start":{"line":310,"column":4},"end":{"line":310,"column":34}},"133":{"start":{"line":314,"column":0},"end":{"line":358,"column":3}},"134":{"start":{"line":315,"column":2},"end":{"line":320,"column":4}},"135":{"start":{"line":322,"column":2},"end":{"line":357,"column":7}},"136":{"start":{"line":323,"column":4},"end":{"line":323,"column":22}},"137":{"start":{"line":325,"column":17},"end":{"line":325,"column":19}},"138":{"start":{"line":327,"column":15},"end":{"line":329,"column":6}},"139":{"start":{"line":331,"column":19},"end":{"line":331,"column":31}},"140":{"start":{"line":332,"column":4},"end":{"line":332,"column":26}},"141":{"start":{"line":334,"column":4},"end":{"line":348,"column":5}},"142":{"start":{"line":334,"column":17},"end":{"line":334,"column":18}},"143":{"start":{"line":335,"column":6},"end":{"line":335,"column":34}},"144":{"start":{"line":336,"column":18},"end":{"line":336,"column":60}},"145":{"start":{"line":338,"column":6},"end":{"line":347,"column":7}},"146":{"start":{"line":339,"column":8},"end":{"line":339,"column":35}},"147":{"start":{"line":340,"column":8},"end":{"line":343,"column":10}},"148":{"start":{"line":345,"column":8},"end":{"line":345,"column":30}},"149":{"start":{"line":346,"column":8},"end":{"line":346,"column":27}},"150":{"start":{"line":350,"column":4},"end":{"line":355,"column":6}},"151":{"start":{"line":356,"column":4},"end":{"line":356,"column":21}},"152":{"start":{"line":361,"column":0},"end":{"line":371,"column":3}},"153":{"start":{"line":362,"column":2},"end":{"line":362,"column":76}},"154":{"start":{"line":364,"column":11},"end":{"line":364,"column":24}},"155":{"start":{"line":365,"column":2},"end":{"line":370,"column":3}},"156":{"start":{"line":366,"column":4},"end":{"line":366,"column":38}},"157":{"start":{"line":368,"column":4},"end":{"line":368,"column":27}},"158":{"start":{"line":369,"column":4},"end":{"line":369,"column":78}},"159":{"start":{"line":374,"column":0},"end":{"line":387,"column":3}},"160":{"start":{"line":375,"column":2},"end":{"line":375,"column":80}},"161":{"start":{"line":377,"column":11},"end":{"line":377,"column":24}},"162":{"start":{"line":378,"column":2},"end":{"line":386,"column":3}},"163":{"start":{"line":379,"column":4},"end":{"line":379,"column":40}},"164":{"start":{"line":380,"column":4},"end":{"line":380,"column":26}},"165":{"start":{"line":382,"column":4},"end":{"line":384,"column":6}},"166":{"start":{"line":385,"column":4},"end":{"line":385,"column":27}},"167":{"start":{"line":389,"column":0},"end":{"line":427,"column":3}},"168":{"start":{"line":390,"column":2},"end":{"line":390,"column":80}},"169":{"start":{"line":392,"column":2},"end":{"line":426,"column":3}},"170":{"start":{"line":393,"column":17},"end":{"line":395,"column":6}},"171":{"start":{"line":396,"column":4},"end":{"line":420,"column":5}},"172":{"start":{"line":397,"column":26},"end":{"line":397,"column":68}},"173":{"start":{"line":398,"column":26},"end":{"line":398,"column":60}},"174":{"start":{"line":399,"column":6},"end":{"line":414,"column":8}},"175":{"start":{"line":403,"column":10},"end":{"line":412,"column":11}},"176":{"start":{"line":404,"column":12},"end":{"line":404,"column":26}},"177":{"start":{"line":406,"column":26},"end":{"line":406,"column":42}},"178":{"start":{"line":408,"column":14},"end":{"line":409,"column":25}},"179":{"start":{"line":410,"column":12},"end":{"line":410,"column":53}},"180":{"start":{"line":411,"column":12},"end":{"line":411,"column":39}},"181":{"start":{"line":415,"column":6},"end":{"line":417,"column":8}},"182":{"start":{"line":419,"column":6},"end":{"line":419,"column":47}},"183":{"start":{"line":422,"column":4},"end":{"line":424,"column":6}},"184":{"start":{"line":425,"column":4},"end":{"line":425,"column":34}},"185":{"start":{"line":429,"column":0},"end":{"line":429,"column":21}}},"fnMap":{"0":{"name":"(anonymous_0)","decl":{"start":{"line":26,"column":8},"end":{"line":26,"column":9}},"loc":{"start":{"line":26,"column":14},"end":{"line":26,"column":75}},"line":26},"1":{"name":"(anonymous_1)","decl":{"start":{"line":27,"column":9},"end":{"line":27,"column":10}},"loc":{"start":{"line":28,"column":4},"end":{"line":28,"column":78}},"line":28},"2":{"name":"(anonymous_2)","decl":{"start":{"line":39,"column":17},"end":{"line":39,"column":18}},"loc":{"start":{"line":39,"column":31},"end":{"line":43,"column":1}},"line":39},"3":{"name":"(anonymous_3)","decl":{"start":{"line":46,"column":26},"end":{"line":46,"column":27}},"loc":{"start":{"line":46,"column":46},"end":{"line":65,"column":1}},"line":46},"4":{"name":"(anonymous_4)","decl":{"start":{"line":68,"column":23},"end":{"line":68,"column":24}},"loc":{"start":{"line":68,"column":43},"end":{"line":103,"column":1}},"line":68},"5":{"name":"(anonymous_5)","decl":{"start":{"line":106,"column":30},"end":{"line":106,"column":31}},"loc":{"start":{"line":106,"column":50},"end":{"line":131,"column":1}},"line":106},"6":{"name":"(anonymous_6)","decl":{"start":{"line":134,"column":40},"end":{"line":134,"column":41}},"loc":{"start":{"line":134,"column":60},"end":{"line":145,"column":1}},"line":134},"7":{"name":"(anonymous_7)","decl":{"start":{"line":138,"column":44},"end":{"line":138,"column":45}},"loc":{"start":{"line":138,"column":65},"end":{"line":144,"column":3}},"line":138},"8":{"name":"(anonymous_8)","decl":{"start":{"line":148,"column":38},"end":{"line":148,"column":39}},"loc":{"start":{"line":148,"column":58},"end":{"line":161,"column":1}},"line":148},"9":{"name":"(anonymous_9)","decl":{"start":{"line":154,"column":18},"end":{"line":154,"column":19}},"loc":{"start":{"line":154,"column":39},"end":{"line":160,"column":3}},"line":154},"10":{"name":"(anonymous_10)","decl":{"start":{"line":164,"column":34},"end":{"line":164,"column":35}},"loc":{"start":{"line":164,"column":54},"end":{"line":202,"column":1}},"line":164},"11":{"name":"(anonymous_11)","decl":{"start":{"line":205,"column":33},"end":{"line":205,"column":34}},"loc":{"start":{"line":205,"column":53},"end":{"line":219,"column":1}},"line":205},"12":{"name":"(anonymous_12)","decl":{"start":{"line":222,"column":38},"end":{"line":222,"column":39}},"loc":{"start":{"line":222,"column":58},"end":{"line":234,"column":1}},"line":222},"13":{"name":"(anonymous_13)","decl":{"start":{"line":228,"column":33},"end":{"line":228,"column":34}},"loc":{"start":{"line":228,"column":54},"end":{"line":233,"column":3}},"line":228},"14":{"name":"(anonymous_14)","decl":{"start":{"line":237,"column":26},"end":{"line":237,"column":27}},"loc":{"start":{"line":237,"column":46},"end":{"line":246,"column":1}},"line":237},"15":{"name":"(anonymous_15)","decl":{"start":{"line":240,"column":18},"end":{"line":240,"column":19}},"loc":{"start":{"line":240,"column":39},"end":{"line":245,"column":3}},"line":240},"16":{"name":"(anonymous_16)","decl":{"start":{"line":249,"column":28},"end":{"line":249,"column":29}},"loc":{"start":{"line":249,"column":48},"end":{"line":259,"column":1}},"line":249},"17":{"name":"(anonymous_17)","decl":{"start":{"line":252,"column":16},"end":{"line":252,"column":17}},"loc":{"start":{"line":252,"column":37},"end":{"line":258,"column":3}},"line":252},"18":{"name":"(anonymous_18)","decl":{"start":{"line":262,"column":42},"end":{"line":262,"column":43}},"loc":{"start":{"line":262,"column":62},"end":{"line":280,"column":1}},"line":262},"19":{"name":"(anonymous_19)","decl":{"start":{"line":273,"column":4},"end":{"line":273,"column":5}},"loc":{"start":{"line":273,"column":25},"end":{"line":275,"column":5}},"line":273},"20":{"name":"(anonymous_20)","decl":{"start":{"line":283,"column":44},"end":{"line":283,"column":45}},"loc":{"start":{"line":283,"column":64},"end":{"line":312,"column":1}},"line":283},"21":{"name":"(anonymous_21)","decl":{"start":{"line":291,"column":6},"end":{"line":291,"column":7}},"loc":{"start":{"line":291,"column":29},"end":{"line":293,"column":7}},"line":291},"22":{"name":"(anonymous_22)","decl":{"start":{"line":299,"column":6},"end":{"line":299,"column":7}},"loc":{"start":{"line":299,"column":29},"end":{"line":302,"column":7}},"line":299},"23":{"name":"(anonymous_23)","decl":{"start":{"line":314,"column":53},"end":{"line":314,"column":54}},"loc":{"start":{"line":314,"column":73},"end":{"line":358,"column":1}},"line":314},"24":{"name":"(anonymous_24)","decl":{"start":{"line":322,"column":3},"end":{"line":322,"column":4}},"loc":{"start":{"line":322,"column":15},"end":{"line":357,"column":3}},"line":322},"25":{"name":"(anonymous_25)","decl":{"start":{"line":361,"column":32},"end":{"line":361,"column":33}},"loc":{"start":{"line":361,"column":52},"end":{"line":371,"column":1}},"line":361},"26":{"name":"(anonymous_26)","decl":{"start":{"line":374,"column":36},"end":{"line":374,"column":37}},"loc":{"start":{"line":374,"column":56},"end":{"line":387,"column":1}},"line":374},"27":{"name":"(anonymous_27)","decl":{"start":{"line":389,"column":32},"end":{"line":389,"column":33}},"loc":{"start":{"line":389,"column":52},"end":{"line":427,"column":1}},"line":389},"28":{"name":"(anonymous_28)","decl":{"start":{"line":402,"column":8},"end":{"line":402,"column":9}},"loc":{"start":{"line":402,"column":31},"end":{"line":413,"column":9}},"line":402}},"branchMap":{"0":{"loc":{"start":{"line":76,"column":4},"end":{"line":78,"column":5}},"type":"if","locations":[{"start":{"line":76,"column":4},"end":{"line":78,"column":5}},{"start":{},"end":{}}],"line":76},"1":{"loc":{"start":{"line":84,"column":4},"end":{"line":99,"column":5}},"type":"if","locations":[{"start":{"line":84,"column":4},"end":{"line":99,"column":5}},{"start":{"line":96,"column":11},"end":{"line":99,"column":5}}],"line":84},"2":{"loc":{"start":{"line":338,"column":6},"end":{"line":347,"column":7}},"type":"if","locations":[{"start":{"line":338,"column":6},"end":{"line":347,"column":7}},{"start":{"line":344,"column":13},"end":{"line":347,"column":7}}],"line":338},"3":{"loc":{"start":{"line":396,"column":4},"end":{"line":420,"column":5}},"type":"if","locations":[{"start":{"line":396,"column":4},"end":{"line":420,"column":5}},{"start":{"line":418,"column":11},"end":{"line":420,"column":5}}],"line":396},"4":{"loc":{"start":{"line":403,"column":10},"end":{"line":412,"column":11}},"type":"if","locations":[{"start":{"line":403,"column":10},"end":{"line":412,"column":11}},{"start":{"line":405,"column":17},"end":{"line":412,"column":11}}],"line":403}},"s":{"0":1,"1":1,"2":1,"3":1,"4":1,"5":1,"6":1,"7":1,"8":1,"9":1,"10":1,"11":1,"12":1,"13":1,"14":1,"15":1,"16":1,"17":0,"18":0,"19":1,"20":1,"21":1,"22":1,"23":1,"24":0,"25":0,"26":0,"27":1,"28":0,"29":0,"30":0,"31":0,"32":0,"33":0,"34":0,"35":0,"36":1,"37":0,"38":0,"39":0,"40":0,"41":0,"42":0,"43":0,"44":0,"45":0,"46":0,"47":0,"48":0,"49":0,"50":1,"51":0,"52":0,"53":0,"54":0,"55":0,"56":0,"57":0,"58":0,"59":1,"60":0,"61":0,"62":0,"63":0,"64":0,"65":1,"66":0,"67":0,"68":0,"69":0,"70":0,"71":1,"72":0,"73":0,"74":0,"75":0,"76":0,"77":0,"78":0,"79":0,"80":0,"81":0,"82":0,"83":0,"84":0,"85":0,"86":0,"87":0,"88":0,"89":0,"90":1,"91":0,"92":0,"93":0,"94":0,"95":0,"96":0,"97":0,"98":1,"99":0,"100":0,"101":0,"102":0,"103":0,"104":1,"105":0,"106":0,"107":0,"108":0,"109":1,"110":0,"111":0,"112":0,"113":0,"114":0,"115":1,"116":0,"117":0,"118":0,"119":0,"120":0,"121":1,"122":0,"123":0,"124":0,"125":0,"126":0,"127":0,"128":0,"129":0,"130":0,"131":0,"132":0,"133":1,"134":0,"135":0,"136":0,"137":0,"138":0,"139":0,"140":0,"141":0,"142":0,"143":0,"144":0,"145":0,"146":0,"147":0,"148":0,"149":0,"150":0,"151":0,"152":1,"153":0,"154":0,"155":0,"156":0,"157":0,"158":0,"159":1,"160":0,"161":0,"162":0,"163":0,"164":0,"165":0,"166":0,"167":1,"168":0,"169":0,"170":0,"171":0,"172":0,"173":0,"174":0,"175":0,"176":0,"177":0,"178":0,"179":0,"180":0,"181":0,"182":0,"183":0,"184":0,"185":1},"f":{"0":0,"1":0,"2":0,"3":0,"4":0,"5":0,"6":0,"7":0,"8":0,"9":0,"10":0,"11":0,"12":0,"13":0,"14":0,"15":0,"16":0,"17":0,"18":0,"19":0,"20":0,"21":0,"22":0,"23":0,"24":0,"25":0,"26":0,"27":0,"28":0},"b":{"0":[0,0],"1":[0,0],"2":[0,0],"3":[0,0],"4":[0,0]},"_coverageSchema":"1a1c01bbd47fc00a2c39e90264f33305004495a9","hash":"a4c306ced08d138cfacbd9056f609521145ca474"}
,"/Users/meet/Desktop/MTECH/2ndSem/SPE/College_Event_MGMT/server/logger.js": {"path":"/Users/meet/Desktop/MTECH/2ndSem/SPE/College_Event_MGMT/server/logger.js","statementMap":{"0":{"start":{"line":1,"column":16},"end":{"line":1,"column":34}},"1":{"start":{"line":3,"column":15},"end":{"line":15,"column":2}},"2":{"start":{"line":21,"column":0},"end":{"line":27,"column":1}},"3":{"start":{"line":22,"column":2},"end":{"line":26,"column":4}},"4":{"start":{"line":29,"column":0},"end":{"line":29,"column":24}}},"fnMap":{},"branchMap":{"0":{"loc":{"start":{"line":21,"column":0},"end":{"line":27,"column":1}},"type":"if","locations":[{"start":{"line":21,"column":0},"end":{"line":27,"column":1}},{"start":{},"end":{}}],"line":21}},"s":{"0":1,"1":1,"2":1,"3":1,"4":1},"f":{},"b":{"0":[1,0]},"_coverageSchema":"1a1c01bbd47fc00a2c39e90264f33305004495a9","hash":"abc8e1fb18916c5db64ad642cfa7d9573cfea281"}
,"/Users/meet/Desktop/MTECH/2ndSem/SPE/College_Event_MGMT/server/models/approvedEvents.js": {"path":"/Users/meet/Desktop/MTECH/2ndSem/SPE/College_Event_MGMT/server/models/approvedEvents.js","statementMap":{"0":{"start":{"line":1,"column":17},"end":{"line":1,"column":36}},"1":{"start":{"line":3,"column":23},"end":{"line":15,"column":1}},"2":{"start":{"line":17,"column":14},"end":{"line":17,"column":62}},"3":{"start":{"line":19,"column":0},"end":{"line":19,"column":23}}},"fnMap":{},"branchMap":{},"s":{"0":1,"1":1,"2":1,"3":1},"f":{},"b":{},"_coverageSchema":"1a1c01bbd47fc00a2c39e90264f33305004495a9","hash":"9d2ec692289ee7db5798fef1955010816a18f188"}
,"/Users/meet/Desktop/MTECH/2ndSem/SPE/College_Event_MGMT/server/models/eventRequests.js": {"path":"/Users/meet/Desktop/MTECH/2ndSem/SPE/College_Event_MGMT/server/models/eventRequests.js","statementMap":{"0":{"start":{"line":1,"column":17},"end":{"line":1,"column":36}},"1":{"start":{"line":3,"column":15},"end":{"line":15,"column":1}},"2":{"start":{"line":17,"column":14},"end":{"line":17,"column":54}},"3":{"start":{"line":19,"column":0},"end":{"line":19,"column":23}}},"fnMap":{},"branchMap":{},"s":{"0":1,"1":1,"2":1,"3":1},"f":{},"b":{},"_coverageSchema":"1a1c01bbd47fc00a2c39e90264f33305004495a9","hash":"f64f90af2f7bc19cf096c3ab10a560e6b5572c9b"}
,"/Users/meet/Desktop/MTECH/2ndSem/SPE/College_Event_MGMT/server/models/participation.js": {"path":"/Users/meet/Desktop/MTECH/2ndSem/SPE/College_Event_MGMT/server/models/participation.js","statementMap":{"0":{"start":{"line":1,"column":17},"end":{"line":1,"column":36}},"1":{"start":{"line":3,"column":22},"end":{"line":10,"column":1}},"2":{"start":{"line":12,"column":14},"end":{"line":12,"column":64}},"3":{"start":{"line":14,"column":0},"end":{"line":14,"column":23}}},"fnMap":{},"branchMap":{},"s":{"0":1,"1":1,"2":1,"3":1},"f":{},"b":{},"_coverageSchema":"1a1c01bbd47fc00a2c39e90264f33305004495a9","hash":"88b5efbc8b59809b739204d746f046e1c8643104"}
,"/Users/meet/Desktop/MTECH/2ndSem/SPE/College_Event_MGMT/server/models/user.model.js": {"path":"/Users/meet/Desktop/MTECH/2ndSem/SPE/College_Event_MGMT/server/models/user.model.js","statementMap":{"0":{"start":{"line":1,"column":17},"end":{"line":1,"column":36}},"1":{"start":{"line":3,"column":13},"end":{"line":14,"column":1}},"2":{"start":{"line":16,"column":14},"end":{"line":16,"column":46}},"3":{"start":{"line":18,"column":0},"end":{"line":18,"column":23}}},"fnMap":{},"branchMap":{},"s":{"0":1,"1":1,"2":1,"3":1},"f":{},"b":{},"_coverageSchema":"1a1c01bbd47fc00a2c39e90264f33305004495a9","hash":"20a50899ff3aa9e031db1c41082ae68756b6367e"}
,"/Users/meet/Desktop/MTECH/2ndSem/SPE/College_Event_MGMT/server/utils/sendEmail.js": {"path":"/Users/meet/Desktop/MTECH/2ndSem/SPE/College_Event_MGMT/server/utils/sendEmail.js","statementMap":{"0":{"start":{"line":1,"column":19},"end":{"line":1,"column":40}},"1":{"start":{"line":3,"column":18},"end":{"line":30,"column":1}},"2":{"start":{"line":4,"column":2},"end":{"line":29,"column":3}},"3":{"start":{"line":5,"column":22},"end":{"line":11,"column":6}},"4":{"start":{"line":13,"column":22},"end":{"line":18,"column":5}},"5":{"start":{"line":20,"column":4},"end":{"line":26,"column":7}},"6":{"start":{"line":21,"column":6},"end":{"line":25,"column":7}},"7":{"start":{"line":22,"column":8},"end":{"line":22,"column":27}},"8":{"start":{"line":24,"column":8},"end":{"line":24,"column":52}},"9":{"start":{"line":28,"column":4},"end":{"line":28,"column":41}},"10":{"start":{"line":32,"column":0},"end":{"line":32,"column":27}}},"fnMap":{"0":{"name":"(anonymous_0)","decl":{"start":{"line":3,"column":18},"end":{"line":3,"column":19}},"loc":{"start":{"line":3,"column":50},"end":{"line":30,"column":1}},"line":3},"1":{"name":"(anonymous_1)","decl":{"start":{"line":20,"column":38},"end":{"line":20,"column":39}},"loc":{"start":{"line":20,"column":61},"end":{"line":26,"column":5}},"line":20}},"branchMap":{"0":{"loc":{"start":{"line":21,"column":6},"end":{"line":25,"column":7}},"type":"if","locations":[{"start":{"line":21,"column":6},"end":{"line":25,"column":7}},{"start":{"line":23,"column":13},"end":{"line":25,"column":7}}],"line":21}},"s":{"0":1,"1":1,"2":0,"3":0,"4":0,"5":0,"6":0,"7":0,"8":0,"9":0,"10":1},"f":{"0":0,"1":0},"b":{"0":[0,0]},"_coverageSchema":"1a1c01bbd47fc00a2c39e90264f33305004495a9","hash":"23f9c4163d0f86af4e5826c4c2aca3c4bd371e31"}
}
