{"/Users/meet/Desktop/MTECH/2ndSem/SPE/College_Event_MGMT/server/app.js": {"path":"/Users/meet/Desktop/MTECH/2ndSem/SPE/College_Event_MGMT/server/app.js","statementMap":{"0":{"start":{"line":1,"column":15},"end":{"line":1,"column":34}},"1":{"start":{"line":2,"column":0},"end":{"line":2,"column":27}},"2":{"start":{"line":3,"column":16},"end":{"line":3,"column":34}},"3":{"start":{"line":4,"column":29},"end":{"line":4,"column":36}},"4":{"start":{"line":5,"column":13},"end":{"line":5,"column":28}},"5":{"start":{"line":6,"column":17},"end":{"line":6,"column":36}},"6":{"start":{"line":7,"column":13},"end":{"line":7,"column":43}},"7":{"start":{"line":8,"column":15},"end":{"line":8,"column":48}},"8":{"start":{"line":9,"column":15},"end":{"line":9,"column":49}},"9":{"start":{"line":10,"column":12},"end":{"line":10,"column":35}},"10":{"start":{"line":11,"column":15},"end":{"line":11,"column":34}},"11":{"start":{"line":12,"column":22},"end":{"line":12,"column":55}},"12":{"start":{"line":13,"column":25},"end":{"line":13,"column":55}},"13":{"start":{"line":14,"column":18},"end":{"line":14,"column":46}},"14":{"start":{"line":16,"column":12},"end":{"line":16,"column":21}},"15":{"start":{"line":19,"column":2},"end":{"line":19,"column":90}},"16":{"start":{"line":21,"column":0},"end":{"line":29,"column":4}},"17":{"start":{"line":26,"column":14},"end":{"line":26,"column":75}},"18":{"start":{"line":28,"column":4},"end":{"line":28,"column":78}},"19":{"start":{"line":32,"column":0},"end":{"line":32,"column":24}},"20":{"start":{"line":33,"column":0},"end":{"line":33,"column":41}},"21":{"start":{"line":34,"column":0},"end":{"line":34,"column":51}},"22":{"start":{"line":36,"column":11},"end":{"line":36,"column":21}},"23":{"start":{"line":39,"column":0},"end":{"line":43,"column":3}},"24":{"start":{"line":40,"column":2},"end":{"line":40,"column":66}},"25":{"start":{"line":41,"column":2},"end":{"line":41,"column":47}},"26":{"start":{"line":42,"column":2},"end":{"line":42,"column":71}},"27":{"start":{"line":46,"column":0},"end":{"line":65,"column":3}},"28":{"start":{"line":47,"column":2},"end":{"line":47,"column":74}},"29":{"start":{"line":49,"column":2},"end":{"line":64,"column":3}},"30":{"start":{"line":50,"column":24},"end":{"line":50,"column":64}},"31":{"start":{"line":51,"column":4},"end":{"line":58,"column":7}},"32":{"start":{"line":59,"column":4},"end":{"line":59,"column":80}},"33":{"start":{"line":60,"column":4},"end":{"line":60,"column":31}},"34":{"start":{"line":62,"column":4},"end":{"line":62,"column":76}},"35":{"start":{"line":63,"column":4},"end":{"line":63,"column":60}},"36":{"start":{"line":68,"column":0},"end":{"line":104,"column":3}},"37":{"start":{"line":69,"column":2},"end":{"line":69,"column":71}},"38":{"start":{"line":71,"column":2},"end":{"line":103,"column":3}},"39":{"start":{"line":72,"column":17},"end":{"line":74,"column":6}},"40":{"start":{"line":76,"column":4},"end":{"line":78,"column":5}},"41":{"start":{"line":77,"column":6},"end":{"line":77,"column":52}},"42":{"start":{"line":79,"column":28},"end":{"line":82,"column":5}},"43":{"start":{"line":84,"column":4},"end":{"line":100,"column":5}},"44":{"start":{"line":85,"column":20},"end":{"line":93,"column":7}},"45":{"start":{"line":94,"column":6},"end":{"line":94,"column":79}},"46":{"start":{"line":95,"column":6},"end":{"line":95,"column":53}},"47":{"start":{"line":97,"column":6},"end":{"line":97,"column":29}},"48":{"start":{"line":98,"column":6},"end":{"line":98,"column":79}},"49":{"start":{"line":99,"column":6},"end":{"line":99,"column":76}},"50":{"start":{"line":102,"column":4},"end":{"line":102,"column":73}},"51":{"start":{"line":107,"column":0},"end":{"line":132,"column":3}},"52":{"start":{"line":108,"column":2},"end":{"line":108,"column":78}},"53":{"start":{"line":110,"column":2},"end":{"line":131,"column":3}},"54":{"start":{"line":111,"column":4},"end":{"line":111,"column":26}},"55":{"start":{"line":112,"column":4},"end":{"line":121,"column":7}},"56":{"start":{"line":122,"column":4},"end":{"line":124,"column":6}},"57":{"start":{"line":125,"column":4},"end":{"line":125,"column":31}},"58":{"start":{"line":127,"column":4},"end":{"line":129,"column":6}},"59":{"start":{"line":130,"column":4},"end":{"line":130,"column":34}},"60":{"start":{"line":135,"column":0},"end":{"line":146,"column":3}},"61":{"start":{"line":136,"column":2},"end":{"line":136,"column":78}},"62":{"start":{"line":139,"column":2},"end":{"line":145,"column":5}},"63":{"start":{"line":140,"column":4},"end":{"line":140,"column":16}},"64":{"start":{"line":141,"column":4},"end":{"line":143,"column":6}},"65":{"start":{"line":144,"column":4},"end":{"line":144,"column":19}},"66":{"start":{"line":149,"column":0},"end":{"line":162,"column":3}},"67":{"start":{"line":150,"column":2},"end":{"line":152,"column":4}},"68":{"start":{"line":155,"column":2},"end":{"line":161,"column":5}},"69":{"start":{"line":156,"column":4},"end":{"line":156,"column":16}},"70":{"start":{"line":157,"column":4},"end":{"line":159,"column":6}},"71":{"start":{"line":160,"column":4},"end":{"line":160,"column":19}},"72":{"start":{"line":165,"column":0},"end":{"line":203,"column":3}},"73":{"start":{"line":166,"column":2},"end":{"line":166,"column":78}},"74":{"start":{"line":168,"column":11},"end":{"line":168,"column":24}},"75":{"start":{"line":171,"column":2},"end":{"line":171,"column":52}},"76":{"start":{"line":173,"column":11},"end":{"line":176,"column":3}},"77":{"start":{"line":178,"column":2},"end":{"line":193,"column":3}},"78":{"start":{"line":179,"column":20},"end":{"line":179,"column":45}},"79":{"start":{"line":180,"column":4},"end":{"line":180,"column":48}},"80":{"start":{"line":181,"column":4},"end":{"line":181,"column":27}},"81":{"start":{"line":182,"column":4},"end":{"line":182,"column":21}},"82":{"start":{"line":184,"column":4},"end":{"line":184,"column":35}},"83":{"start":{"line":185,"column":4},"end":{"line":187,"column":6}},"84":{"start":{"line":189,"column":4},"end":{"line":191,"column":6}},"85":{"start":{"line":192,"column":4},"end":{"line":192,"column":27}},"86":{"start":{"line":195,"column":2},"end":{"line":200,"column":3}},"87":{"start":{"line":196,"column":4},"end":{"line":196,"column":40}},"88":{"start":{"line":198,"column":4},"end":{"line":198,"column":27}},"89":{"start":{"line":199,"column":4},"end":{"line":199,"column":21}},"90":{"start":{"line":202,"column":2},"end":{"line":202,"column":25}},"91":{"start":{"line":206,"column":0},"end":{"line":220,"column":3}},"92":{"start":{"line":207,"column":2},"end":{"line":207,"column":77}},"93":{"start":{"line":209,"column":11},"end":{"line":209,"column":24}},"94":{"start":{"line":210,"column":2},"end":{"line":214,"column":3}},"95":{"start":{"line":211,"column":4},"end":{"line":211,"column":40}},"96":{"start":{"line":213,"column":4},"end":{"line":213,"column":27}},"97":{"start":{"line":216,"column":2},"end":{"line":218,"column":4}},"98":{"start":{"line":219,"column":2},"end":{"line":219,"column":34}},"99":{"start":{"line":223,"column":0},"end":{"line":235,"column":3}},"100":{"start":{"line":224,"column":2},"end":{"line":226,"column":4}},"101":{"start":{"line":228,"column":13},"end":{"line":228,"column":28}},"102":{"start":{"line":229,"column":2},"end":{"line":234,"column":5}},"103":{"start":{"line":230,"column":4},"end":{"line":232,"column":6}},"104":{"start":{"line":233,"column":4},"end":{"line":233,"column":19}},"105":{"start":{"line":238,"column":0},"end":{"line":247,"column":3}},"106":{"start":{"line":239,"column":2},"end":{"line":239,"column":75}},"107":{"start":{"line":241,"column":2},"end":{"line":246,"column":5}},"108":{"start":{"line":242,"column":4},"end":{"line":244,"column":6}},"109":{"start":{"line":245,"column":4},"end":{"line":245,"column":19}},"110":{"start":{"line":250,"column":0},"end":{"line":260,"column":3}},"111":{"start":{"line":251,"column":2},"end":{"line":251,"column":77}},"112":{"start":{"line":253,"column":2},"end":{"line":259,"column":5}},"113":{"start":{"line":254,"column":4},"end":{"line":254,"column":16}},"114":{"start":{"line":255,"column":4},"end":{"line":257,"column":6}},"115":{"start":{"line":258,"column":4},"end":{"line":258,"column":19}},"116":{"start":{"line":263,"column":0},"end":{"line":281,"column":3}},"117":{"start":{"line":264,"column":2},"end":{"line":266,"column":4}},"118":{"start":{"line":268,"column":23},"end":{"line":268,"column":70}},"119":{"start":{"line":269,"column":2},"end":{"line":277,"column":4}},"120":{"start":{"line":275,"column":6},"end":{"line":275,"column":21}},"121":{"start":{"line":278,"column":2},"end":{"line":280,"column":4}},"122":{"start":{"line":284,"column":0},"end":{"line":313,"column":3}},"123":{"start":{"line":285,"column":2},"end":{"line":285,"column":77}},"124":{"start":{"line":287,"column":2},"end":{"line":312,"column":3}},"125":{"start":{"line":288,"column":4},"end":{"line":295,"column":6}},"126":{"start":{"line":293,"column":8},"end":{"line":293,"column":28}},"127":{"start":{"line":296,"column":4},"end":{"line":304,"column":6}},"128":{"start":{"line":301,"column":8},"end":{"line":301,"column":40}},"129":{"start":{"line":302,"column":8},"end":{"line":302,"column":28}},"130":{"start":{"line":305,"column":4},"end":{"line":307,"column":6}},"131":{"start":{"line":308,"column":4},"end":{"line":308,"column":31}},"132":{"start":{"line":310,"column":4},"end":{"line":310,"column":78}},"133":{"start":{"line":311,"column":4},"end":{"line":311,"column":34}},"134":{"start":{"line":315,"column":0},"end":{"line":359,"column":3}},"135":{"start":{"line":316,"column":2},"end":{"line":321,"column":4}},"136":{"start":{"line":323,"column":2},"end":{"line":358,"column":7}},"137":{"start":{"line":324,"column":4},"end":{"line":324,"column":22}},"138":{"start":{"line":326,"column":17},"end":{"line":326,"column":19}},"139":{"start":{"line":328,"column":15},"end":{"line":330,"column":6}},"140":{"start":{"line":332,"column":19},"end":{"line":332,"column":31}},"141":{"start":{"line":333,"column":4},"end":{"line":333,"column":26}},"142":{"start":{"line":335,"column":4},"end":{"line":349,"column":5}},"143":{"start":{"line":335,"column":17},"end":{"line":335,"column":18}},"144":{"start":{"line":336,"column":6},"end":{"line":336,"column":34}},"145":{"start":{"line":337,"column":18},"end":{"line":337,"column":60}},"146":{"start":{"line":339,"column":6},"end":{"line":348,"column":7}},"147":{"start":{"line":340,"column":8},"end":{"line":340,"column":35}},"148":{"start":{"line":341,"column":8},"end":{"line":344,"column":10}},"149":{"start":{"line":346,"column":8},"end":{"line":346,"column":30}},"150":{"start":{"line":347,"column":8},"end":{"line":347,"column":27}},"151":{"start":{"line":351,"column":4},"end":{"line":356,"column":6}},"152":{"start":{"line":357,"column":4},"end":{"line":357,"column":21}},"153":{"start":{"line":362,"column":0},"end":{"line":372,"column":3}},"154":{"start":{"line":363,"column":2},"end":{"line":363,"column":76}},"155":{"start":{"line":365,"column":11},"end":{"line":365,"column":24}},"156":{"start":{"line":366,"column":2},"end":{"line":371,"column":3}},"157":{"start":{"line":367,"column":4},"end":{"line":367,"column":38}},"158":{"start":{"line":369,"column":4},"end":{"line":369,"column":27}},"159":{"start":{"line":370,"column":4},"end":{"line":370,"column":78}},"160":{"start":{"line":375,"column":0},"end":{"line":388,"column":3}},"161":{"start":{"line":376,"column":2},"end":{"line":376,"column":80}},"162":{"start":{"line":378,"column":11},"end":{"line":378,"column":24}},"163":{"start":{"line":379,"column":2},"end":{"line":387,"column":3}},"164":{"start":{"line":380,"column":4},"end":{"line":380,"column":40}},"165":{"start":{"line":381,"column":4},"end":{"line":381,"column":26}},"166":{"start":{"line":383,"column":4},"end":{"line":385,"column":6}},"167":{"start":{"line":386,"column":4},"end":{"line":386,"column":27}},"168":{"start":{"line":390,"column":0},"end":{"line":428,"column":3}},"169":{"start":{"line":391,"column":2},"end":{"line":391,"column":80}},"170":{"start":{"line":393,"column":2},"end":{"line":427,"column":3}},"171":{"start":{"line":394,"column":17},"end":{"line":396,"column":6}},"172":{"start":{"line":397,"column":4},"end":{"line":421,"column":5}},"173":{"start":{"line":398,"column":26},"end":{"line":398,"column":68}},"174":{"start":{"line":399,"column":26},"end":{"line":399,"column":60}},"175":{"start":{"line":400,"column":6},"end":{"line":415,"column":8}},"176":{"start":{"line":404,"column":10},"end":{"line":413,"column":11}},"177":{"start":{"line":405,"column":12},"end":{"line":405,"column":26}},"178":{"start":{"line":407,"column":26},"end":{"line":407,"column":42}},"179":{"start":{"line":409,"column":14},"end":{"line":410,"column":25}},"180":{"start":{"line":411,"column":12},"end":{"line":411,"column":53}},"181":{"start":{"line":412,"column":12},"end":{"line":412,"column":39}},"182":{"start":{"line":416,"column":6},"end":{"line":418,"column":8}},"183":{"start":{"line":420,"column":6},"end":{"line":420,"column":47}},"184":{"start":{"line":423,"column":4},"end":{"line":425,"column":6}},"185":{"start":{"line":426,"column":4},"end":{"line":426,"column":34}},"186":{"start":{"line":430,"column":0},"end":{"line":430,"column":21}}},"fnMap":{"0":{"name":"(anonymous_0)","decl":{"start":{"line":26,"column":8},"end":{"line":26,"column":9}},"loc":{"start":{"line":26,"column":14},"end":{"line":26,"column":75}},"line":26},"1":{"name":"(anonymous_1)","decl":{"start":{"line":27,"column":9},"end":{"line":27,"column":10}},"loc":{"start":{"line":28,"column":4},"end":{"line":28,"column":78}},"line":28},"2":{"name":"(anonymous_2)","decl":{"start":{"line":39,"column":17},"end":{"line":39,"column":18}},"loc":{"start":{"line":39,"column":31},"end":{"line":43,"column":1}},"line":39},"3":{"name":"(anonymous_3)","decl":{"start":{"line":46,"column":26},"end":{"line":46,"column":27}},"loc":{"start":{"line":46,"column":46},"end":{"line":65,"column":1}},"line":46},"4":{"name":"(anonymous_4)","decl":{"start":{"line":68,"column":23},"end":{"line":68,"column":24}},"loc":{"start":{"line":68,"column":43},"end":{"line":104,"column":1}},"line":68},"5":{"name":"(anonymous_5)","decl":{"start":{"line":107,"column":30},"end":{"line":107,"column":31}},"loc":{"start":{"line":107,"column":50},"end":{"line":132,"column":1}},"line":107},"6":{"name":"(anonymous_6)","decl":{"start":{"line":135,"column":40},"end":{"line":135,"column":41}},"loc":{"start":{"line":135,"column":60},"end":{"line":146,"column":1}},"line":135},"7":{"name":"(anonymous_7)","decl":{"start":{"line":139,"column":44},"end":{"line":139,"column":45}},"loc":{"start":{"line":139,"column":65},"end":{"line":145,"column":3}},"line":139},"8":{"name":"(anonymous_8)","decl":{"start":{"line":149,"column":38},"end":{"line":149,"column":39}},"loc":{"start":{"line":149,"column":58},"end":{"line":162,"column":1}},"line":149},"9":{"name":"(anonymous_9)","decl":{"start":{"line":155,"column":18},"end":{"line":155,"column":19}},"loc":{"start":{"line":155,"column":39},"end":{"line":161,"column":3}},"line":155},"10":{"name":"(anonymous_10)","decl":{"start":{"line":165,"column":34},"end":{"line":165,"column":35}},"loc":{"start":{"line":165,"column":54},"end":{"line":203,"column":1}},"line":165},"11":{"name":"(anonymous_11)","decl":{"start":{"line":206,"column":33},"end":{"line":206,"column":34}},"loc":{"start":{"line":206,"column":53},"end":{"line":220,"column":1}},"line":206},"12":{"name":"(anonymous_12)","decl":{"start":{"line":223,"column":38},"end":{"line":223,"column":39}},"loc":{"start":{"line":223,"column":58},"end":{"line":235,"column":1}},"line":223},"13":{"name":"(anonymous_13)","decl":{"start":{"line":229,"column":33},"end":{"line":229,"column":34}},"loc":{"start":{"line":229,"column":54},"end":{"line":234,"column":3}},"line":229},"14":{"name":"(anonymous_14)","decl":{"start":{"line":238,"column":26},"end":{"line":238,"column":27}},"loc":{"start":{"line":238,"column":46},"end":{"line":247,"column":1}},"line":238},"15":{"name":"(anonymous_15)","decl":{"start":{"line":241,"column":18},"end":{"line":241,"column":19}},"loc":{"start":{"line":241,"column":39},"end":{"line":246,"column":3}},"line":241},"16":{"name":"(anonymous_16)","decl":{"start":{"line":250,"column":28},"end":{"line":250,"column":29}},"loc":{"start":{"line":250,"column":48},"end":{"line":260,"column":1}},"line":250},"17":{"name":"(anonymous_17)","decl":{"start":{"line":253,"column":16},"end":{"line":253,"column":17}},"loc":{"start":{"line":253,"column":37},"end":{"line":259,"column":3}},"line":253},"18":{"name":"(anonymous_18)","decl":{"start":{"line":263,"column":42},"end":{"line":263,"column":43}},"loc":{"start":{"line":263,"column":62},"end":{"line":281,"column":1}},"line":263},"19":{"name":"(anonymous_19)","decl":{"start":{"line":274,"column":4},"end":{"line":274,"column":5}},"loc":{"start":{"line":274,"column":25},"end":{"line":276,"column":5}},"line":274},"20":{"name":"(anonymous_20)","decl":{"start":{"line":284,"column":44},"end":{"line":284,"column":45}},"loc":{"start":{"line":284,"column":64},"end":{"line":313,"column":1}},"line":284},"21":{"name":"(anonymous_21)","decl":{"start":{"line":292,"column":6},"end":{"line":292,"column":7}},"loc":{"start":{"line":292,"column":29},"end":{"line":294,"column":7}},"line":292},"22":{"name":"(anonymous_22)","decl":{"start":{"line":300,"column":6},"end":{"line":300,"column":7}},"loc":{"start":{"line":300,"column":29},"end":{"line":303,"column":7}},"line":300},"23":{"name":"(anonymous_23)","decl":{"start":{"line":315,"column":53},"end":{"line":315,"column":54}},"loc":{"start":{"line":315,"column":73},"end":{"line":359,"column":1}},"line":315},"24":{"name":"(anonymous_24)","decl":{"start":{"line":323,"column":3},"end":{"line":323,"column":4}},"loc":{"start":{"line":323,"column":15},"end":{"line":358,"column":3}},"line":323},"25":{"name":"(anonymous_25)","decl":{"start":{"line":362,"column":32},"end":{"line":362,"column":33}},"loc":{"start":{"line":362,"column":52},"end":{"line":372,"column":1}},"line":362},"26":{"name":"(anonymous_26)","decl":{"start":{"line":375,"column":36},"end":{"line":375,"column":37}},"loc":{"start":{"line":375,"column":56},"end":{"line":388,"column":1}},"line":375},"27":{"name":"(anonymous_27)","decl":{"start":{"line":390,"column":32},"end":{"line":390,"column":33}},"loc":{"start":{"line":390,"column":52},"end":{"line":428,"column":1}},"line":390},"28":{"name":"(anonymous_28)","decl":{"start":{"line":403,"column":8},"end":{"line":403,"column":9}},"loc":{"start":{"line":403,"column":31},"end":{"line":414,"column":9}},"line":403}},"branchMap":{"0":{"loc":{"start":{"line":76,"column":4},"end":{"line":78,"column":5}},"type":"if","locations":[{"start":{"line":76,"column":4},"end":{"line":78,"column":5}},{"start":{},"end":{}}],"line":76},"1":{"loc":{"start":{"line":84,"column":4},"end":{"line":100,"column":5}},"type":"if","locations":[{"start":{"line":84,"column":4},"end":{"line":100,"column":5}},{"start":{"line":96,"column":11},"end":{"line":100,"column":5}}],"line":84},"2":{"loc":{"start":{"line":339,"column":6},"end":{"line":348,"column":7}},"type":"if","locations":[{"start":{"line":339,"column":6},"end":{"line":348,"column":7}},{"start":{"line":345,"column":13},"end":{"line":348,"column":7}}],"line":339},"3":{"loc":{"start":{"line":397,"column":4},"end":{"line":421,"column":5}},"type":"if","locations":[{"start":{"line":397,"column":4},"end":{"line":421,"column":5}},{"start":{"line":419,"column":11},"end":{"line":421,"column":5}}],"line":397},"4":{"loc":{"start":{"line":404,"column":10},"end":{"line":413,"column":11}},"type":"if","locations":[{"start":{"line":404,"column":10},"end":{"line":413,"column":11}},{"start":{"line":406,"column":17},"end":{"line":413,"column":11}}],"line":404}},"s":{"0":1,"1":1,"2":1,"3":1,"4":1,"5":1,"6":1,"7":1,"8":1,"9":1,"10":1,"11":1,"12":1,"13":1,"14":1,"15":1,"16":1,"17":1,"18":0,"19":1,"20":1,"21":1,"22":1,"23":1,"24":0,"25":0,"26":0,"27":1,"28":0,"29":0,"30":0,"31":0,"32":0,"33":0,"34":0,"35":0,"36":1,"37":2,"38":2,"39":2,"40":2,"41":0,"42":2,"43":2,"44":1,"45":1,"46":1,"47":1,"48":1,"49":1,"50":1,"51":1,"52":0,"53":0,"54":0,"55":0,"56":0,"57":0,"58":0,"59":0,"60":1,"61":0,"62":0,"63":0,"64":0,"65":0,"66":1,"67":0,"68":0,"69":0,"70":0,"71":0,"72":1,"73":0,"74":0,"75":0,"76":0,"77":0,"78":0,"79":0,"80":0,"81":0,"82":0,"83":0,"84":0,"85":0,"86":0,"87":0,"88":0,"89":0,"90":0,"91":1,"92":0,"93":0,"94":0,"95":0,"96":0,"97":0,"98":0,"99":1,"100":0,"101":0,"102":0,"103":0,"104":0,"105":1,"106":1,"107":1,"108":1,"109":1,"110":1,"111":1,"112":1,"113":1,"114":1,"115":1,"116":1,"117":0,"118":0,"119":0,"120":0,"121":0,"122":1,"123":0,"124":0,"125":0,"126":0,"127":0,"128":0,"129":0,"130":0,"131":0,"132":0,"133":0,"134":1,"135":0,"136":0,"137":0,"138":0,"139":0,"140":0,"141":0,"142":0,"143":0,"144":0,"145":0,"146":0,"147":0,"148":0,"149":0,"150":0,"151":0,"152":0,"153":1,"154":0,"155":0,"156":0,"157":0,"158":0,"159":0,"160":1,"161":0,"162":0,"163":0,"164":0,"165":0,"166":0,"167":0,"168":1,"169":0,"170":0,"171":0,"172":0,"173":0,"174":0,"175":0,"176":0,"177":0,"178":0,"179":0,"180":0,"181":0,"182":0,"183":0,"184":0,"185":0,"186":1},"f":{"0":1,"1":0,"2":0,"3":0,"4":2,"5":0,"6":0,"7":0,"8":0,"9":0,"10":0,"11":0,"12":0,"13":0,"14":1,"15":1,"16":1,"17":1,"18":0,"19":0,"20":0,"21":0,"22":0,"23":0,"24":0,"25":0,"26":0,"27":0,"28":0},"b":{"0":[0,2],"1":[1,1],"2":[0,0],"3":[0,0],"4":[0,0]},"_coverageSchema":"1a1c01bbd47fc00a2c39e90264f33305004495a9","hash":"6171050516dffa4bc0fd0ccb2d63178e54aada93"}
,"/Users/meet/Desktop/MTECH/2ndSem/SPE/College_Event_MGMT/server/logger.js": {"path":"/Users/meet/Desktop/MTECH/2ndSem/SPE/College_Event_MGMT/server/logger.js","statementMap":{"0":{"start":{"line":1,"column":16},"end":{"line":1,"column":34}},"1":{"start":{"line":3,"column":15},"end":{"line":15,"column":2}},"2":{"start":{"line":21,"column":0},"end":{"line":27,"column":1}},"3":{"start":{"line":22,"column":2},"end":{"line":26,"column":4}},"4":{"start":{"line":29,"column":0},"end":{"line":29,"column":24}}},"fnMap":{},"branchMap":{"0":{"loc":{"start":{"line":21,"column":0},"end":{"line":27,"column":1}},"type":"if","locations":[{"start":{"line":21,"column":0},"end":{"line":27,"column":1}},{"start":{},"end":{}}],"line":21}},"s":{"0":1,"1":1,"2":1,"3":1,"4":1},"f":{},"b":{"0":[1,0]},"_coverageSchema":"1a1c01bbd47fc00a2c39e90264f33305004495a9","hash":"abc8e1fb18916c5db64ad642cfa7d9573cfea281"}
,"/Users/meet/Desktop/MTECH/2ndSem/SPE/College_Event_MGMT/server/models/approvedEvents.js": {"path":"/Users/meet/Desktop/MTECH/2ndSem/SPE/College_Event_MGMT/server/models/approvedEvents.js","statementMap":{"0":{"start":{"line":1,"column":17},"end":{"line":1,"column":36}},"1":{"start":{"line":3,"column":23},"end":{"line":15,"column":1}},"2":{"start":{"line":17,"column":14},"end":{"line":17,"column":62}},"3":{"start":{"line":19,"column":0},"end":{"line":19,"column":23}}},"fnMap":{},"branchMap":{},"s":{"0":1,"1":1,"2":1,"3":1},"f":{},"b":{},"_coverageSchema":"1a1c01bbd47fc00a2c39e90264f33305004495a9","hash":"9d2ec692289ee7db5798fef1955010816a18f188"}
,"/Users/meet/Desktop/MTECH/2ndSem/SPE/College_Event_MGMT/server/models/eventRequests.js": {"path":"/Users/meet/Desktop/MTECH/2ndSem/SPE/College_Event_MGMT/server/models/eventRequests.js","statementMap":{"0":{"start":{"line":1,"column":17},"end":{"line":1,"column":36}},"1":{"start":{"line":3,"column":15},"end":{"line":15,"column":1}},"2":{"start":{"line":17,"column":14},"end":{"line":17,"column":54}},"3":{"start":{"line":19,"column":0},"end":{"line":19,"column":23}}},"fnMap":{},"branchMap":{},"s":{"0":1,"1":1,"2":1,"3":1},"f":{},"b":{},"_coverageSchema":"1a1c01bbd47fc00a2c39e90264f33305004495a9","hash":"f64f90af2f7bc19cf096c3ab10a560e6b5572c9b"}
,"/Users/meet/Desktop/MTECH/2ndSem/SPE/College_Event_MGMT/server/models/participation.js": {"path":"/Users/meet/Desktop/MTECH/2ndSem/SPE/College_Event_MGMT/server/models/participation.js","statementMap":{"0":{"start":{"line":1,"column":17},"end":{"line":1,"column":36}},"1":{"start":{"line":3,"column":22},"end":{"line":10,"column":1}},"2":{"start":{"line":12,"column":14},"end":{"line":12,"column":64}},"3":{"start":{"line":14,"column":0},"end":{"line":14,"column":23}}},"fnMap":{},"branchMap":{},"s":{"0":1,"1":1,"2":1,"3":1},"f":{},"b":{},"_coverageSchema":"1a1c01bbd47fc00a2c39e90264f33305004495a9","hash":"88b5efbc8b59809b739204d746f046e1c8643104"}
,"/Users/meet/Desktop/MTECH/2ndSem/SPE/College_Event_MGMT/server/models/user.model.js": {"path":"/Users/meet/Desktop/MTECH/2ndSem/SPE/College_Event_MGMT/server/models/user.model.js","statementMap":{"0":{"start":{"line":1,"column":17},"end":{"line":1,"column":36}},"1":{"start":{"line":3,"column":13},"end":{"line":14,"column":1}},"2":{"start":{"line":16,"column":14},"end":{"line":16,"column":46}},"3":{"start":{"line":18,"column":0},"end":{"line":18,"column":23}}},"fnMap":{},"branchMap":{},"s":{"0":1,"1":1,"2":1,"3":1},"f":{},"b":{},"_coverageSchema":"1a1c01bbd47fc00a2c39e90264f33305004495a9","hash":"20a50899ff3aa9e031db1c41082ae68756b6367e"}
,"/Users/meet/Desktop/MTECH/2ndSem/SPE/College_Event_MGMT/server/utils/sendEmail.js": {"path":"/Users/meet/Desktop/MTECH/2ndSem/SPE/College_Event_MGMT/server/utils/sendEmail.js","statementMap":{"0":{"start":{"line":1,"column":19},"end":{"line":1,"column":40}},"1":{"start":{"line":3,"column":18},"end":{"line":30,"column":1}},"2":{"start":{"line":4,"column":2},"end":{"line":29,"column":3}},"3":{"start":{"line":5,"column":22},"end":{"line":11,"column":6}},"4":{"start":{"line":13,"column":22},"end":{"line":18,"column":5}},"5":{"start":{"line":20,"column":4},"end":{"line":26,"column":7}},"6":{"start":{"line":21,"column":6},"end":{"line":25,"column":7}},"7":{"start":{"line":22,"column":8},"end":{"line":22,"column":27}},"8":{"start":{"line":24,"column":8},"end":{"line":24,"column":52}},"9":{"start":{"line":28,"column":4},"end":{"line":28,"column":41}},"10":{"start":{"line":32,"column":0},"end":{"line":32,"column":27}}},"fnMap":{"0":{"name":"(anonymous_0)","decl":{"start":{"line":3,"column":18},"end":{"line":3,"column":19}},"loc":{"start":{"line":3,"column":50},"end":{"line":30,"column":1}},"line":3},"1":{"name":"(anonymous_1)","decl":{"start":{"line":20,"column":38},"end":{"line":20,"column":39}},"loc":{"start":{"line":20,"column":61},"end":{"line":26,"column":5}},"line":20}},"branchMap":{"0":{"loc":{"start":{"line":21,"column":6},"end":{"line":25,"column":7}},"type":"if","locations":[{"start":{"line":21,"column":6},"end":{"line":25,"column":7}},{"start":{"line":23,"column":13},"end":{"line":25,"column":7}}],"line":21}},"s":{"0":1,"1":1,"2":0,"3":0,"4":0,"5":0,"6":0,"7":0,"8":0,"9":0,"10":1},"f":{"0":0,"1":0},"b":{"0":[0,0]},"_coverageSchema":"1a1c01bbd47fc00a2c39e90264f33305004495a9","hash":"23f9c4163d0f86af4e5826c4c2aca3c4bd371e31"}
}
