TN:
SF:app.js
FN:25,(anonymous_0)
FN:26,(anonymous_1)
FN:38,(anonymous_2)
FN:45,(anonymous_3)
FN:67,(anonymous_4)
FN:108,(anonymous_5)
FN:136,(anonymous_6)
FN:140,(anonymous_7)
FN:150,(anonymous_8)
FN:156,(anonymous_9)
FN:166,(anonymous_10)
FN:207,(anonymous_11)
FN:224,(anonymous_12)
FN:230,(anonymous_13)
FN:239,(anonymous_14)
FN:242,(anonymous_15)
FN:251,(anonymous_16)
FN:254,(anonymous_17)
FN:264,(anonymous_18)
FN:275,(anonymous_19)
FN:285,(anonymous_20)
FN:293,(anonymous_21)
FN:301,(anonymous_22)
FN:316,(anonymous_23)
FN:324,(anonymous_24)
FN:363,(anonymous_25)
FN:376,(anonymous_26)
FN:391,(anonymous_27)
FN:404,(anonymous_28)
FNF:29
FNH:9
FNDA:1,(anonymous_0)
FNDA:0,(anonymous_1)
FNDA:0,(anonymous_2)
FNDA:2,(anonymous_3)
FNDA:2,(anonymous_4)
FNDA:0,(anonymous_5)
FNDA:0,(anonymous_6)
FNDA:0,(anonymous_7)
FNDA:0,(anonymous_8)
FNDA:0,(anonymous_9)
FNDA:0,(anonymous_10)
FNDA:0,(anonymous_11)
FNDA:0,(anonymous_12)
FNDA:0,(anonymous_13)
FNDA:1,(anonymous_14)
FNDA:1,(anonymous_15)
FNDA:1,(anonymous_16)
FNDA:1,(anonymous_17)
FNDA:0,(anonymous_18)
FNDA:0,(anonymous_19)
FNDA:0,(anonymous_20)
FNDA:0,(anonymous_21)
FNDA:0,(anonymous_22)
FNDA:0,(anonymous_23)
FNDA:0,(anonymous_24)
FNDA:0,(anonymous_25)
FNDA:0,(anonymous_26)
FNDA:2,(anonymous_27)
FNDA:1,(anonymous_28)
DA:1,1
DA:2,1
DA:3,1
DA:4,1
DA:5,1
DA:6,1
DA:7,1
DA:8,1
DA:9,1
DA:10,1
DA:11,1
DA:12,1
DA:13,1
DA:14,1
DA:16,1
DA:18,1
DA:20,1
DA:25,1
DA:27,0
DA:31,1
DA:32,1
DA:33,1
DA:35,1
DA:38,1
DA:39,0
DA:40,0
DA:41,0
DA:45,1
DA:46,2
DA:48,2
DA:49,2
DA:50,2
DA:58,0
DA:59,0
DA:61,2
DA:62,2
DA:67,1
DA:68,2
DA:70,2
DA:71,2
DA:75,2
DA:76,0
DA:78,2
DA:83,2
DA:84,1
DA:93,1
DA:94,1
DA:99,1
DA:100,1
DA:103,0
DA:108,1
DA:109,0
DA:111,0
DA:112,0
DA:113,0
DA:123,0
DA:126,0
DA:128,0
DA:131,0
DA:136,1
DA:137,0
DA:140,0
DA:141,0
DA:142,0
DA:145,0
DA:150,1
DA:151,0
DA:156,0
DA:157,0
DA:158,0
DA:161,0
DA:166,1
DA:167,0
DA:169,0
DA:172,0
DA:174,0
DA:179,0
DA:180,0
DA:181,0
DA:182,0
DA:183,0
DA:185,0
DA:186,0
DA:190,0
DA:193,0
DA:196,0
DA:197,0
DA:199,0
DA:200,0
DA:203,0
DA:207,1
DA:208,0
DA:210,0
DA:211,0
DA:212,0
DA:214,0
DA:217,0
DA:220,0
DA:224,1
DA:225,0
DA:229,0
DA:230,0
DA:231,0
DA:234,0
DA:239,1
DA:240,1
DA:242,1
DA:243,1
DA:246,1
DA:251,1
DA:252,1
DA:254,1
DA:255,1
DA:256,1
DA:259,1
DA:264,1
DA:265,0
DA:269,0
DA:270,0
DA:276,0
DA:279,0
DA:285,1
DA:286,0
DA:288,0
DA:289,0
DA:294,0
DA:297,0
DA:302,0
DA:303,0
DA:306,0
DA:309,0
DA:311,0
DA:312,0
DA:316,1
DA:317,0
DA:324,0
DA:325,0
DA:327,0
DA:329,0
DA:333,0
DA:334,0
DA:336,0
DA:337,0
DA:338,0
DA:340,0
DA:341,0
DA:342,0
DA:347,0
DA:348,0
DA:352,0
DA:358,0
DA:363,1
DA:364,0
DA:366,0
DA:367,0
DA:368,0
DA:370,0
DA:371,0
DA:376,1
DA:377,0
DA:379,0
DA:380,0
DA:381,0
DA:382,0
DA:384,0
DA:387,0
DA:391,1
DA:392,2
DA:394,2
DA:395,2
DA:398,2
DA:399,1
DA:400,1
DA:401,1
DA:405,1
DA:406,0
DA:408,1
DA:410,1
DA:412,1
DA:413,1
DA:417,1
DA:421,1
DA:424,0
DA:427,0
DA:431,1
LF:185
LH:80
BRDA:75,0,0,0
BRDA:75,0,1,2
BRDA:83,1,0,1
BRDA:83,1,1,1
BRDA:340,2,0,0
BRDA:340,2,1,0
BRDA:398,3,0,1
BRDA:398,3,1,1
BRDA:405,4,0,0
BRDA:405,4,1,1
BRF:10
BRH:6
end_of_record
TN:
SF:logger.js
FNF:0
FNH:0
DA:1,1
DA:3,1
DA:21,1
DA:22,1
DA:29,1
LF:5
LH:5
BRDA:21,0,0,1
BRDA:21,0,1,0
BRF:2
BRH:1
end_of_record
TN:
SF:models/approvedEvents.js
FNF:0
FNH:0
DA:1,1
DA:3,1
DA:17,1
DA:19,1
LF:4
LH:4
BRF:0
BRH:0
end_of_record
TN:
SF:models/eventRequests.js
FNF:0
FNH:0
DA:1,1
DA:3,1
DA:17,1
DA:19,1
LF:4
LH:4
BRF:0
BRH:0
end_of_record
TN:
SF:models/participation.js
FNF:0
FNH:0
DA:1,1
DA:3,1
DA:12,1
DA:14,1
LF:4
LH:4
BRF:0
BRH:0
end_of_record
TN:
SF:models/user.model.js
FNF:0
FNH:0
DA:1,1
DA:3,1
DA:16,1
DA:18,1
LF:4
LH:4
BRF:0
BRH:0
end_of_record
TN:
SF:utils/sendEmail.js
FN:3,(anonymous_0)
FN:20,(anonymous_1)
FNF:2
FNH:1
FNDA:1,(anonymous_0)
FNDA:0,(anonymous_1)
DA:1,1
DA:3,1
DA:4,1
DA:5,1
DA:13,1
DA:20,1
DA:21,0
DA:22,0
DA:24,0
DA:28,0
DA:32,1
LF:11
LH:7
BRDA:21,0,0,0
BRDA:21,0,1,0
BRF:2
BRH:0
end_of_record
