TN:
SF:app.js
FN:26,(anonymous_0)
FN:27,(anonymous_1)
FN:39,(anonymous_2)
FN:46,(anonymous_3)
FN:68,(anonymous_4)
FN:106,(anonymous_5)
FN:134,(anonymous_6)
FN:138,(anonymous_7)
FN:148,(anonymous_8)
FN:154,(anonymous_9)
FN:164,(anonymous_10)
FN:205,(anonymous_11)
FN:222,(anonymous_12)
FN:228,(anonymous_13)
FN:237,(anonymous_14)
FN:240,(anonymous_15)
FN:249,(anonymous_16)
FN:252,(anonymous_17)
FN:262,(anonymous_18)
FN:273,(anonymous_19)
FN:283,(anonymous_20)
FN:291,(anonymous_21)
FN:299,(anonymous_22)
FN:314,(anonymous_23)
FN:322,(anonymous_24)
FN:361,(anonymous_25)
FN:374,(anonymous_26)
FN:389,(anonymous_27)
FN:402,(anonymous_28)
FNF:29
FNH:0
FNDA:0,(anonymous_0)
FNDA:0,(anonymous_1)
FNDA:0,(anonymous_2)
FNDA:0,(anonymous_3)
FNDA:0,(anonymous_4)
FNDA:0,(anonymous_5)
FNDA:0,(anonymous_6)
FNDA:0,(anonymous_7)
FNDA:0,(anonymous_8)
FNDA:0,(anonymous_9)
FNDA:0,(anonymous_10)
FNDA:0,(anonymous_11)
FNDA:0,(anonymous_12)
FNDA:0,(anonymous_13)
FNDA:0,(anonymous_14)
FNDA:0,(anonymous_15)
FNDA:0,(anonymous_16)
FNDA:0,(anonymous_17)
FNDA:0,(anonymous_18)
FNDA:0,(anonymous_19)
FNDA:0,(anonymous_20)
FNDA:0,(anonymous_21)
FNDA:0,(anonymous_22)
FNDA:0,(anonymous_23)
FNDA:0,(anonymous_24)
FNDA:0,(anonymous_25)
FNDA:0,(anonymous_26)
FNDA:0,(anonymous_27)
FNDA:0,(anonymous_28)
DA:1,1
DA:2,1
DA:3,1
DA:4,1
DA:5,1
DA:6,1
DA:7,1
DA:8,1
DA:9,1
DA:10,1
DA:11,1
DA:12,1
DA:13,1
DA:14,1
DA:16,1
DA:19,1
DA:21,1
DA:26,0
DA:28,0
DA:32,1
DA:33,1
DA:34,1
DA:36,1
DA:39,1
DA:40,0
DA:41,0
DA:42,0
DA:46,1
DA:47,0
DA:49,0
DA:50,0
DA:51,0
DA:59,0
DA:60,0
DA:62,0
DA:63,0
DA:68,1
DA:69,0
DA:71,0
DA:72,0
DA:76,0
DA:77,0
DA:79,0
DA:84,0
DA:85,0
DA:94,0
DA:95,0
DA:97,0
DA:98,0
DA:101,0
DA:106,1
DA:107,0
DA:109,0
DA:110,0
DA:111,0
DA:121,0
DA:124,0
DA:126,0
DA:129,0
DA:134,1
DA:135,0
DA:138,0
DA:139,0
DA:140,0
DA:143,0
DA:148,1
DA:149,0
DA:154,0
DA:155,0
DA:156,0
DA:159,0
DA:164,1
DA:165,0
DA:167,0
DA:170,0
DA:172,0
DA:177,0
DA:178,0
DA:179,0
DA:180,0
DA:181,0
DA:183,0
DA:184,0
DA:188,0
DA:191,0
DA:194,0
DA:195,0
DA:197,0
DA:198,0
DA:201,0
DA:205,1
DA:206,0
DA:208,0
DA:209,0
DA:210,0
DA:212,0
DA:215,0
DA:218,0
DA:222,1
DA:223,0
DA:227,0
DA:228,0
DA:229,0
DA:232,0
DA:237,1
DA:238,0
DA:240,0
DA:241,0
DA:244,0
DA:249,1
DA:250,0
DA:252,0
DA:253,0
DA:254,0
DA:257,0
DA:262,1
DA:263,0
DA:267,0
DA:268,0
DA:274,0
DA:277,0
DA:283,1
DA:284,0
DA:286,0
DA:287,0
DA:292,0
DA:295,0
DA:300,0
DA:301,0
DA:304,0
DA:307,0
DA:309,0
DA:310,0
DA:314,1
DA:315,0
DA:322,0
DA:323,0
DA:325,0
DA:327,0
DA:331,0
DA:332,0
DA:334,0
DA:335,0
DA:336,0
DA:338,0
DA:339,0
DA:340,0
DA:345,0
DA:346,0
DA:350,0
DA:356,0
DA:361,1
DA:362,0
DA:364,0
DA:365,0
DA:366,0
DA:368,0
DA:369,0
DA:374,1
DA:375,0
DA:377,0
DA:378,0
DA:379,0
DA:380,0
DA:382,0
DA:385,0
DA:389,1
DA:390,0
DA:392,0
DA:393,0
DA:396,0
DA:397,0
DA:398,0
DA:399,0
DA:403,0
DA:404,0
DA:406,0
DA:408,0
DA:410,0
DA:411,0
DA:415,0
DA:419,0
DA:422,0
DA:425,0
DA:429,1
LF:185
LH:39
BRDA:76,0,0,0
BRDA:76,0,1,0
BRDA:84,1,0,0
BRDA:84,1,1,0
BRDA:338,2,0,0
BRDA:338,2,1,0
BRDA:396,3,0,0
BRDA:396,3,1,0
BRDA:403,4,0,0
BRDA:403,4,1,0
BRF:10
BRH:0
end_of_record
TN:
SF:logger.js
FNF:0
FNH:0
DA:1,1
DA:3,1
DA:21,1
DA:22,1
DA:29,1
LF:5
LH:5
BRDA:21,0,0,1
BRDA:21,0,1,0
BRF:2
BRH:1
end_of_record
TN:
SF:models/approvedEvents.js
FNF:0
FNH:0
DA:1,1
DA:3,1
DA:17,1
DA:19,1
LF:4
LH:4
BRF:0
BRH:0
end_of_record
TN:
SF:models/eventRequests.js
FNF:0
FNH:0
DA:1,1
DA:3,1
DA:17,1
DA:19,1
LF:4
LH:4
BRF:0
BRH:0
end_of_record
TN:
SF:models/participation.js
FNF:0
FNH:0
DA:1,1
DA:3,1
DA:12,1
DA:14,1
LF:4
LH:4
BRF:0
BRH:0
end_of_record
TN:
SF:models/user.model.js
FNF:0
FNH:0
DA:1,1
DA:3,1
DA:16,1
DA:18,1
LF:4
LH:4
BRF:0
BRH:0
end_of_record
TN:
SF:utils/sendEmail.js
FN:3,(anonymous_0)
FN:20,(anonymous_1)
FNF:2
FNH:0
FNDA:0,(anonymous_0)
FNDA:0,(anonymous_1)
DA:1,1
DA:3,1
DA:4,0
DA:5,0
DA:13,0
DA:20,0
DA:21,0
DA:22,0
DA:24,0
DA:28,0
DA:32,1
LF:11
LH:3
BRDA:21,0,0,0
BRDA:21,0,1,0
BRF:2
BRH:0
end_of_record
